-------------------------------------------------------------------------------
Test set: tests.UserEditTest
-------------------------------------------------------------------------------
Tests run: 5, Failures: 1, Errors: 0, Skipped: 0, Time elapsed: 11.861 s <<< FAILURE! - in tests.UserEditTest
testTryEditByAnotherUser  Time elapsed: 3.237 s  <<< FAILURE!
org.opentest4j.AssertionFailedError: Response statusCode is not as expected ==> expected: <400> but was: <200>
	at tests.UserEditTest.testTryEditByAnotherUser(UserEditTest.java:129)

